[0.494s] Invoking command in '/home/ameyasu/ros2_ws/src/snake_robot/build/snake_robot': PYTHONPATH=/home/ameyasu/ros2_ws/src/snake_robot/build/snake_robot/prefix_override:/home/ameyasu/ros2_ws/src/snake_robot/install/snake_robot/lib/python3.10/site-packages:${PYTHONPATH} /usr/bin/python3 setup.py develop --editable --build-directory /home/ameyasu/ros2_ws/src/snake_robot/build/snake_robot/build --no-deps install_data
[0.643s] /usr/lib/python3/dist-packages/setuptools/dist.py:723: UserWarning: Usage of dash-separated 'script-dir' will not be supported in future versions. Please use the underscore name 'script_dir' instead
[0.643s]   warnings.warn(
[0.661s] running develop
[0.661s] /usr/lib/python3/dist-packages/setuptools/command/easy_install.py:158: EasyInstallDeprecationWarning: easy_install command is deprecated. Use build and pip and other standards-based tools.
[0.661s]   warnings.warn(
[0.662s] /usr/lib/python3/dist-packages/setuptools/command/install.py:34: SetuptoolsDeprecationWarning: setup.py install is deprecated. Use build and pip and other standards-based tools.
[0.662s]   warnings.warn(
[0.695s] /usr/lib/python3/dist-packages/pkg_resources/__init__.py:116: PkgResourcesDeprecationWarning: 0.1.43ubuntu1 is an invalid version and will not be supported in a future release
[0.695s]   warnings.warn(
[0.695s] /usr/lib/python3/dist-packages/pkg_resources/__init__.py:116: PkgResourcesDeprecationWarning: 1.1build1 is an invalid version and will not be supported in a future release
[0.695s]   warnings.warn(
[0.780s] running egg_info
[0.780s] writing snake_robot.egg-info/PKG-INFO
[0.780s] writing dependency_links to snake_robot.egg-info/dependency_links.txt
[0.780s] writing entry points to snake_robot.egg-info/entry_points.txt
[0.780s] writing requirements to snake_robot.egg-info/requires.txt
[0.780s] writing top-level names to snake_robot.egg-info/top_level.txt
[0.782s] reading manifest file 'snake_robot.egg-info/SOURCES.txt'
[0.783s] writing manifest file 'snake_robot.egg-info/SOURCES.txt'
[0.820s] running build_ext
[0.820s] Creating /home/ameyasu/ros2_ws/src/snake_robot/install/snake_robot/lib/python3.10/site-packages/snake-robot.egg-link (link to .)
[0.820s] Installing snake_basic script to /home/ameyasu/ros2_ws/src/snake_robot/install/snake_robot/lib/snake_robot
[0.820s] Installing trajectory_recording script to /home/ameyasu/ros2_ws/src/snake_robot/install/snake_robot/lib/snake_robot
[0.821s] 
[0.821s] Installed /home/ameyasu/ros2_ws/src/snake_robot/build/snake_robot
[0.821s] running install_data
[0.821s] copying launch/snake_robot.launch.py -> /home/ameyasu/ros2_ws/src/snake_robot/install/snake_robot/share/snake_robot/launch
[0.841s] Invoked command in '/home/ameyasu/ros2_ws/src/snake_robot/build/snake_robot' returned '0': PYTHONPATH=/home/ameyasu/ros2_ws/src/snake_robot/build/snake_robot/prefix_override:/home/ameyasu/ros2_ws/src/snake_robot/install/snake_robot/lib/python3.10/site-packages:${PYTHONPATH} /usr/bin/python3 setup.py develop --editable --build-directory /home/ameyasu/ros2_ws/src/snake_robot/build/snake_robot/build --no-deps install_data
