[0.195s] DEBUG:colcon:Command line arguments: ['/usr/bin/colcon', 'build', '--packages-select', 'snake_robot', '--symlink-install']
[0.195s] DEBUG:colcon:Parsed command line arguments: Namespace(log_base=None, log_level=None, verb_name='build', build_base='build', install_base='install', merge_install=False, symlink_install=True, test_result_base=None, continue_on_error=False, executor='parallel', parallel_workers=12, event_handlers=None, ignore_user_meta=False, metas=['./colcon.meta'], base_paths=['.'], packages_ignore=None, packages_ignore_regex=None, paths=None, packages_up_to=None, packages_up_to_regex=None, packages_above=None, packages_above_and_dependencies=None, packages_above_depth=None, packages_select_by_dep=None, packages_skip_by_dep=None, packages_skip_up_to=None, packages_select_build_failed=False, packages_skip_build_finished=False, packages_select_test_failures=False, packages_skip_test_passed=False, packages_select=['snake_robot'], packages_skip=None, packages_select_regex=None, packages_skip_regex=None, packages_start=None, packages_end=None, allow_overriding=[], cmake_args=None, cmake_target=None, cmake_target_skip_unavailable=False, cmake_clean_cache=False, cmake_clean_first=False, cmake_force_configure=False, ament_cmake_args=None, catkin_cmake_args=None, catkin_skip_building_tests=False, verb_parser=<colcon_defaults.argument_parser.defaults.DefaultArgumentsDecorator object at 0x7fd1ded25360>, verb_extension=<colcon_core.verb.build.BuildVerb object at 0x7fd1def836a0>, main=<bound method BuildVerb.main of <colcon_core.verb.build.BuildVerb object at 0x7fd1def836a0>>)
[0.219s] Level 1:colcon.colcon_core.package_discovery:discover_packages(colcon_meta) check parameters
[0.219s] Level 1:colcon.colcon_core.package_discovery:discover_packages(recursive) check parameters
[0.219s] Level 1:colcon.colcon_core.package_discovery:discover_packages(ignore) check parameters
[0.219s] Level 1:colcon.colcon_core.package_discovery:discover_packages(path) check parameters
[0.219s] Level 1:colcon.colcon_core.package_discovery:discover_packages(colcon_meta) discover
[0.219s] Level 1:colcon.colcon_core.package_discovery:discover_packages(recursive) discover
[0.219s] INFO:colcon.colcon_core.package_discovery:Crawling recursively for packages in '/home/ameyasu/ros2_ws/src/snake_robot'
[0.219s] Level 1:colcon.colcon_core.package_identification:_identify(.) by extensions ['ignore', 'ignore_ament_install']
[0.219s] Level 1:colcon.colcon_core.package_identification:_identify(.) by extension 'ignore'
[0.219s] Level 1:colcon.colcon_core.package_identification:_identify(.) by extension 'ignore_ament_install'
[0.219s] Level 1:colcon.colcon_core.package_identification:_identify(.) by extensions ['colcon_pkg']
[0.219s] Level 1:colcon.colcon_core.package_identification:_identify(.) by extension 'colcon_pkg'
[0.219s] Level 1:colcon.colcon_core.package_identification:_identify(.) by extensions ['colcon_meta']
[0.219s] Level 1:colcon.colcon_core.package_identification:_identify(.) by extension 'colcon_meta'
[0.219s] Level 1:colcon.colcon_core.package_identification:_identify(.) by extensions ['ros']
[0.220s] Level 1:colcon.colcon_core.package_identification:_identify(.) by extension 'ros'
[0.228s] DEBUG:colcon.colcon_core.package_identification:Package '.' with type 'ros.ament_python' and name 'snake_robot'
[0.228s] Level 1:colcon.colcon_core.package_discovery:discover_packages(recursive) using defaults
[0.228s] Level 1:colcon.colcon_core.package_discovery:discover_packages(ignore) discover
[0.228s] Level 1:colcon.colcon_core.package_discovery:discover_packages(ignore) using defaults
[0.228s] Level 1:colcon.colcon_core.package_discovery:discover_packages(path) discover
[0.228s] Level 1:colcon.colcon_core.package_discovery:discover_packages(path) using defaults
[0.243s] Level 1:colcon.colcon_core.package_discovery:discover_packages(prefix_path) check parameters
[0.243s] Level 1:colcon.colcon_core.package_discovery:discover_packages(prefix_path) discover
[0.244s] DEBUG:colcon.colcon_installed_package_information.package_discovery:Found 1 installed packages in /home/ameyasu/ros2_ws/src/snake_robot/install
[0.246s] DEBUG:colcon.colcon_installed_package_information.package_discovery:Found 358 installed packages in /opt/ros/humble
[0.247s] Level 1:colcon.colcon_core.package_discovery:discover_packages(prefix_path) using defaults
[0.287s] Level 5:colcon.colcon_core.verb:set package 'snake_robot' build argument 'cmake_args' from command line to 'None'
[0.287s] Level 5:colcon.colcon_core.verb:set package 'snake_robot' build argument 'cmake_target' from command line to 'None'
[0.287s] Level 5:colcon.colcon_core.verb:set package 'snake_robot' build argument 'cmake_target_skip_unavailable' from command line to 'False'
[0.287s] Level 5:colcon.colcon_core.verb:set package 'snake_robot' build argument 'cmake_clean_cache' from command line to 'False'
[0.287s] Level 5:colcon.colcon_core.verb:set package 'snake_robot' build argument 'cmake_clean_first' from command line to 'False'
[0.287s] Level 5:colcon.colcon_core.verb:set package 'snake_robot' build argument 'cmake_force_configure' from command line to 'False'
[0.287s] Level 5:colcon.colcon_core.verb:set package 'snake_robot' build argument 'ament_cmake_args' from command line to 'None'
[0.287s] Level 5:colcon.colcon_core.verb:set package 'snake_robot' build argument 'catkin_cmake_args' from command line to 'None'
[0.287s] Level 5:colcon.colcon_core.verb:set package 'snake_robot' build argument 'catkin_skip_building_tests' from command line to 'False'
[0.287s] DEBUG:colcon.colcon_core.verb:Building package 'snake_robot' with the following arguments: {'ament_cmake_args': None, 'build_base': '/home/ameyasu/ros2_ws/src/snake_robot/build/snake_robot', 'catkin_cmake_args': None, 'catkin_skip_building_tests': False, 'cmake_args': None, 'cmake_clean_cache': False, 'cmake_clean_first': False, 'cmake_force_configure': False, 'cmake_target': None, 'cmake_target_skip_unavailable': False, 'install_base': '/home/ameyasu/ros2_ws/src/snake_robot/install/snake_robot', 'merge_install': False, 'path': '/home/ameyasu/ros2_ws/src/snake_robot', 'symlink_install': True, 'test_result_base': None}
[0.288s] INFO:colcon.colcon_core.executor:Executing jobs using 'parallel' executor
[0.290s] DEBUG:colcon.colcon_parallel_executor.executor.parallel:run_until_complete
[0.290s] INFO:colcon.colcon_ros.task.ament_python.build:Building ROS package in '/home/ameyasu/ros2_ws/src/snake_robot' with build type 'ament_python'
[0.290s] Level 1:colcon.colcon_core.shell:create_environment_hook('snake_robot', 'ament_prefix_path')
[0.293s] INFO:colcon.colcon_core.plugin_system:Skipping extension 'colcon_core.shell.bat': Not used on non-Windows systems
[0.293s] INFO:colcon.colcon_core.shell:Creating environment hook '/home/ameyasu/ros2_ws/src/snake_robot/install/snake_robot/share/snake_robot/hook/ament_prefix_path.ps1'
[0.293s] INFO:colcon.colcon_core.shell:Creating environment descriptor '/home/ameyasu/ros2_ws/src/snake_robot/install/snake_robot/share/snake_robot/hook/ament_prefix_path.dsv'
[0.293s] INFO:colcon.colcon_core.shell:Creating environment hook '/home/ameyasu/ros2_ws/src/snake_robot/install/snake_robot/share/snake_robot/hook/ament_prefix_path.sh'
[0.294s] INFO:colcon.colcon_core.shell:Skip shell extension 'powershell' for command environment: Not usable outside of PowerShell
[0.294s] DEBUG:colcon.colcon_core.shell:Skip shell extension 'dsv' for command environment
[0.477s] INFO:colcon.colcon_core.task.python.build:Building Python package in '/home/ameyasu/ros2_ws/src/snake_robot'
[0.479s] INFO:colcon.colcon_core.shell:Skip shell extension 'powershell' for command environment: Not usable outside of PowerShell
[0.479s] DEBUG:colcon.colcon_core.shell:Skip shell extension 'dsv' for command environment
[0.784s] DEBUG:colcon.colcon_core.event_handler.log_command:Invoking command in '/home/ameyasu/ros2_ws/src/snake_robot/build/snake_robot': PYTHONPATH=/home/ameyasu/ros2_ws/src/snake_robot/build/snake_robot/prefix_override:/home/ameyasu/ros2_ws/src/snake_robot/install/snake_robot/lib/python3.10/site-packages:${PYTHONPATH} /usr/bin/python3 setup.py develop --editable --build-directory /home/ameyasu/ros2_ws/src/snake_robot/build/snake_robot/build --no-deps install_data
[1.130s] Level 1:colcon.colcon_core.shell:create_environment_hook('snake_robot', 'pythonpath_develop')
[1.131s] INFO:colcon.colcon_core.shell:Creating environment hook '/home/ameyasu/ros2_ws/src/snake_robot/build/snake_robot/share/snake_robot/hook/pythonpath_develop.ps1'
[1.131s] DEBUG:colcon.colcon_core.event_handler.log_command:Invoked command in '/home/ameyasu/ros2_ws/src/snake_robot/build/snake_robot' returned '0': PYTHONPATH=/home/ameyasu/ros2_ws/src/snake_robot/build/snake_robot/prefix_override:/home/ameyasu/ros2_ws/src/snake_robot/install/snake_robot/lib/python3.10/site-packages:${PYTHONPATH} /usr/bin/python3 setup.py develop --editable --build-directory /home/ameyasu/ros2_ws/src/snake_robot/build/snake_robot/build --no-deps install_data
[1.131s] INFO:colcon.colcon_core.shell:Creating environment descriptor '/home/ameyasu/ros2_ws/src/snake_robot/build/snake_robot/share/snake_robot/hook/pythonpath_develop.dsv'
[1.131s] INFO:colcon.colcon_core.shell:Creating environment hook '/home/ameyasu/ros2_ws/src/snake_robot/build/snake_robot/share/snake_robot/hook/pythonpath_develop.sh'
[1.134s] Level 1:colcon.colcon_core.environment:checking '/home/ameyasu/ros2_ws/src/snake_robot/install/snake_robot' for CMake module files
[1.135s] Level 1:colcon.colcon_core.environment:checking '/home/ameyasu/ros2_ws/src/snake_robot/install/snake_robot' for CMake config files
[1.135s] Level 1:colcon.colcon_core.environment:checking '/home/ameyasu/ros2_ws/src/snake_robot/install/snake_robot/lib'
[1.135s] Level 1:colcon.colcon_core.environment:checking '/home/ameyasu/ros2_ws/src/snake_robot/install/snake_robot/bin'
[1.135s] Level 1:colcon.colcon_core.environment:checking '/home/ameyasu/ros2_ws/src/snake_robot/install/snake_robot/lib/pkgconfig/snake_robot.pc'
[1.135s] Level 1:colcon.colcon_core.environment:checking '/home/ameyasu/ros2_ws/src/snake_robot/install/snake_robot/lib/python3.10/site-packages'
[1.135s] Level 1:colcon.colcon_core.shell:create_environment_hook('snake_robot', 'pythonpath')
[1.136s] INFO:colcon.colcon_core.shell:Creating environment hook '/home/ameyasu/ros2_ws/src/snake_robot/install/snake_robot/share/snake_robot/hook/pythonpath.ps1'
[1.136s] INFO:colcon.colcon_core.shell:Creating environment descriptor '/home/ameyasu/ros2_ws/src/snake_robot/install/snake_robot/share/snake_robot/hook/pythonpath.dsv'
[1.136s] INFO:colcon.colcon_core.shell:Creating environment hook '/home/ameyasu/ros2_ws/src/snake_robot/install/snake_robot/share/snake_robot/hook/pythonpath.sh'
[1.137s] Level 1:colcon.colcon_core.environment:checking '/home/ameyasu/ros2_ws/src/snake_robot/install/snake_robot/bin'
[1.137s] Level 1:colcon.colcon_core.environment:create_environment_scripts_only(snake_robot)
[1.138s] INFO:colcon.colcon_core.shell:Creating package script '/home/ameyasu/ros2_ws/src/snake_robot/install/snake_robot/share/snake_robot/package.ps1'
[1.138s] INFO:colcon.colcon_core.shell:Creating package descriptor '/home/ameyasu/ros2_ws/src/snake_robot/install/snake_robot/share/snake_robot/package.dsv'
[1.138s] INFO:colcon.colcon_core.shell:Creating package script '/home/ameyasu/ros2_ws/src/snake_robot/install/snake_robot/share/snake_robot/package.sh'
[1.139s] INFO:colcon.colcon_core.shell:Creating package script '/home/ameyasu/ros2_ws/src/snake_robot/install/snake_robot/share/snake_robot/package.bash'
[1.139s] INFO:colcon.colcon_core.shell:Creating package script '/home/ameyasu/ros2_ws/src/snake_robot/install/snake_robot/share/snake_robot/package.zsh'
[1.139s] Level 1:colcon.colcon_core.environment:create_file_with_runtime_dependencies(/home/ameyasu/ros2_ws/src/snake_robot/install/snake_robot/share/colcon-core/packages/snake_robot)
[1.140s] DEBUG:colcon.colcon_parallel_executor.executor.parallel:closing loop
[1.140s] DEBUG:colcon.colcon_parallel_executor.executor.parallel:loop closed
[1.140s] DEBUG:colcon.colcon_parallel_executor.executor.parallel:run_until_complete finished with '0'
[1.140s] DEBUG:colcon.colcon_core.event_reactor:joining thread
[1.143s] INFO:colcon.colcon_core.plugin_system:Skipping extension 'colcon_notification.desktop_notification.terminal_notifier': Not used on non-Darwin systems
[1.143s] INFO:colcon.colcon_core.plugin_system:Skipping extension 'colcon_notification.desktop_notification.win32': Not used on non-Windows systems
[1.143s] INFO:colcon.colcon_notification.desktop_notification:Sending desktop notification using 'notify2'
[1.153s] DEBUG:colcon.colcon_core.event_reactor:joined thread
[1.155s] INFO:colcon.colcon_core.shell:Creating prefix script '/home/ameyasu/ros2_ws/src/snake_robot/install/local_setup.ps1'
[1.156s] INFO:colcon.colcon_core.shell:Creating prefix util module '/home/ameyasu/ros2_ws/src/snake_robot/install/_local_setup_util_ps1.py'
[1.157s] INFO:colcon.colcon_core.shell:Creating prefix chain script '/home/ameyasu/ros2_ws/src/snake_robot/install/setup.ps1'
[1.159s] INFO:colcon.colcon_core.shell:Creating prefix script '/home/ameyasu/ros2_ws/src/snake_robot/install/local_setup.sh'
[1.161s] INFO:colcon.colcon_core.shell:Creating prefix util module '/home/ameyasu/ros2_ws/src/snake_robot/install/_local_setup_util_sh.py'
[1.161s] INFO:colcon.colcon_core.shell:Creating prefix chain script '/home/ameyasu/ros2_ws/src/snake_robot/install/setup.sh'
[1.163s] INFO:colcon.colcon_core.shell:Creating prefix script '/home/ameyasu/ros2_ws/src/snake_robot/install/local_setup.bash'
[1.164s] INFO:colcon.colcon_core.shell:Creating prefix chain script '/home/ameyasu/ros2_ws/src/snake_robot/install/setup.bash'
[1.165s] INFO:colcon.colcon_core.shell:Creating prefix script '/home/ameyasu/ros2_ws/src/snake_robot/install/local_setup.zsh'
[1.165s] INFO:colcon.colcon_core.shell:Creating prefix chain script '/home/ameyasu/ros2_ws/src/snake_robot/install/setup.zsh'
