/usr/lib/python3/dist-packages/setuptools/dist.py:723: UserWarning: Usage of dash-separated 'script-dir' will not be supported in future versions. Please use the underscore name 'script_dir' instead
  warnings.warn(
running develop
/usr/lib/python3/dist-packages/setuptools/command/easy_install.py:158: EasyInstallDeprecationWarning: easy_install command is deprecated. Use build and pip and other standards-based tools.
  warnings.warn(
/usr/lib/python3/dist-packages/setuptools/command/install.py:34: SetuptoolsDeprecationWarning: setup.py install is deprecated. Use build and pip and other standards-based tools.
  warnings.warn(
/usr/lib/python3/dist-packages/pkg_resources/__init__.py:116: PkgResourcesDeprecationWarning: 0.1.43ubuntu1 is an invalid version and will not be supported in a future release
  warnings.warn(
/usr/lib/python3/dist-packages/pkg_resources/__init__.py:116: PkgResourcesDeprecationWarning: 1.1build1 is an invalid version and will not be supported in a future release
  warnings.warn(
running egg_info
creating snake_robot.egg-info
writing snake_robot.egg-info/PKG-INFO
writing dependency_links to snake_robot.egg-info/dependency_links.txt
writing entry points to snake_robot.egg-info/entry_points.txt
writing requirements to snake_robot.egg-info/requires.txt
writing top-level names to snake_robot.egg-info/top_level.txt
writing manifest file 'snake_robot.egg-info/SOURCES.txt'
reading manifest file 'snake_robot.egg-info/SOURCES.txt'
writing manifest file 'snake_robot.egg-info/SOURCES.txt'
running build_ext
Creating /home/ameyasu/ros2_ws/src/snake_robot/install/snake_robot/lib/python3.10/site-packages/snake-robot.egg-link (link to .)
Installing my_robot_driver script to /home/ameyasu/ros2_ws/src/snake_robot/install/snake_robot/lib/snake_robot
Installing trajectory_recording script to /home/ameyasu/ros2_ws/src/snake_robot/install/snake_robot/lib/snake_robot

Installed /home/ameyasu/ros2_ws/src/snake_robot/build/snake_robot
running install_data
creating /home/ameyasu/ros2_ws/src/snake_robot/install/snake_robot/share/ament_index
creating /home/ameyasu/ros2_ws/src/snake_robot/install/snake_robot/share/ament_index/resource_index
creating /home/ameyasu/ros2_ws/src/snake_robot/install/snake_robot/share/ament_index/resource_index/packages
copying resource/snake_robot -> /home/ameyasu/ros2_ws/src/snake_robot/install/snake_robot/share/ament_index/resource_index/packages
creating /home/ameyasu/ros2_ws/src/snake_robot/install/snake_robot/share/snake_robot/launch
copying launch/snake_robot.launch.py -> /home/ameyasu/ros2_ws/src/snake_robot/install/snake_robot/share/snake_robot/launch
creating /home/ameyasu/ros2_ws/src/snake_robot/install/snake_robot/share/snake_robot/worlds
copying worlds/snake_basic.wbt -> /home/ameyasu/ros2_ws/src/snake_robot/install/snake_robot/share/snake_robot/worlds
copying package.xml -> /home/ameyasu/ros2_ws/src/snake_robot/install/snake_robot/share/snake_robot
creating /home/ameyasu/ros2_ws/src/snake_robot/install/snake_robot/share/snake_robot/controllers
creating /home/ameyasu/ros2_ws/src/snake_robot/install/snake_robot/share/snake_robot/controllers/snake_basic
copying controllers/snake_basic/controller.py -> /home/ameyasu/ros2_ws/src/snake_robot/install/snake_robot/share/snake_robot/controllers/snake_basic
copying controllers/snake_basic/snake_basic.py -> /home/ameyasu/ros2_ws/src/snake_robot/install/snake_robot/share/snake_robot/controllers/snake_basic
creating /home/ameyasu/ros2_ws/src/snake_robot/install/snake_robot/share/snake_robot/libraries
copying libraries/controller.py -> /home/ameyasu/ros2_ws/src/snake_robot/install/snake_robot/share/snake_robot/libraries
copying libraries/vehicle.py -> /home/ameyasu/ros2_ws/src/snake_robot/install/snake_robot/share/snake_robot/libraries
creating /home/ameyasu/ros2_ws/src/snake_robot/install/snake_robot/share/snake_robot/resource
copying resource/salamander.urdf -> /home/ameyasu/ros2_ws/src/snake_robot/install/snake_robot/share/snake_robot/resource
