[0.421s] Invoking command in '/home/ameyasu/ros2_ws/src/snake_robot/build/snake_robot': PYTHONPATH=/home/ameyasu/ros2_ws/src/snake_robot/build/snake_robot/prefix_override:/home/ameyasu/ros2_ws/src/snake_robot/install/snake_robot/lib/python3.10/site-packages:${PYTHONPATH} /usr/bin/python3 setup.py develop --editable --build-directory /home/ameyasu/ros2_ws/src/snake_robot/build/snake_robot/build --no-deps install_data
[0.567s] /usr/lib/python3/dist-packages/setuptools/dist.py:723: UserWarning: Usage of dash-separated 'script-dir' will not be supported in future versions. Please use the underscore name 'script_dir' instead
[0.567s]   warnings.warn(
[0.585s] running develop
[0.585s] /usr/lib/python3/dist-packages/setuptools/command/easy_install.py:158: EasyInstallDeprecationWarning: easy_install command is deprecated. Use build and pip and other standards-based tools.
[0.585s]   warnings.warn(
[0.586s] /usr/lib/python3/dist-packages/setuptools/command/install.py:34: SetuptoolsDeprecationWarning: setup.py install is deprecated. Use build and pip and other standards-based tools.
[0.586s]   warnings.warn(
[0.619s] /usr/lib/python3/dist-packages/pkg_resources/__init__.py:116: PkgResourcesDeprecationWarning: 0.1.43ubuntu1 is an invalid version and will not be supported in a future release
[0.619s]   warnings.warn(
[0.619s] /usr/lib/python3/dist-packages/pkg_resources/__init__.py:116: PkgResourcesDeprecationWarning: 1.1build1 is an invalid version and will not be supported in a future release
[0.620s]   warnings.warn(
[0.685s] running egg_info
[0.685s] creating snake_robot.egg-info
[0.685s] writing snake_robot.egg-info/PKG-INFO
[0.685s] writing dependency_links to snake_robot.egg-info/dependency_links.txt
[0.686s] writing entry points to snake_robot.egg-info/entry_points.txt
[0.686s] writing requirements to snake_robot.egg-info/requires.txt
[0.686s] writing top-level names to snake_robot.egg-info/top_level.txt
[0.686s] writing manifest file 'snake_robot.egg-info/SOURCES.txt'
[0.687s] reading manifest file 'snake_robot.egg-info/SOURCES.txt'
[0.687s] writing manifest file 'snake_robot.egg-info/SOURCES.txt'
[0.719s] running build_ext
[0.719s] Creating /home/ameyasu/ros2_ws/src/snake_robot/install/snake_robot/lib/python3.10/site-packages/snake-robot.egg-link (link to .)
[0.719s] Installing my_robot_driver script to /home/ameyasu/ros2_ws/src/snake_robot/install/snake_robot/lib/snake_robot
[0.720s] Installing trajectory_recording script to /home/ameyasu/ros2_ws/src/snake_robot/install/snake_robot/lib/snake_robot
[0.720s] 
[0.720s] Installed /home/ameyasu/ros2_ws/src/snake_robot/build/snake_robot
[0.720s] running install_data
[0.720s] creating /home/ameyasu/ros2_ws/src/snake_robot/install/snake_robot/share/ament_index
[0.720s] creating /home/ameyasu/ros2_ws/src/snake_robot/install/snake_robot/share/ament_index/resource_index
[0.720s] creating /home/ameyasu/ros2_ws/src/snake_robot/install/snake_robot/share/ament_index/resource_index/packages
[0.720s] copying resource/snake_robot -> /home/ameyasu/ros2_ws/src/snake_robot/install/snake_robot/share/ament_index/resource_index/packages
[0.720s] creating /home/ameyasu/ros2_ws/src/snake_robot/install/snake_robot/share/snake_robot/launch
[0.720s] copying launch/snake_robot.launch.py -> /home/ameyasu/ros2_ws/src/snake_robot/install/snake_robot/share/snake_robot/launch
[0.720s] creating /home/ameyasu/ros2_ws/src/snake_robot/install/snake_robot/share/snake_robot/worlds
[0.720s] copying worlds/snake_basic.wbt -> /home/ameyasu/ros2_ws/src/snake_robot/install/snake_robot/share/snake_robot/worlds
[0.720s] copying package.xml -> /home/ameyasu/ros2_ws/src/snake_robot/install/snake_robot/share/snake_robot
[0.720s] creating /home/ameyasu/ros2_ws/src/snake_robot/install/snake_robot/share/snake_robot/controllers
[0.720s] creating /home/ameyasu/ros2_ws/src/snake_robot/install/snake_robot/share/snake_robot/controllers/snake_basic
[0.720s] copying controllers/snake_basic/controller.py -> /home/ameyasu/ros2_ws/src/snake_robot/install/snake_robot/share/snake_robot/controllers/snake_basic
[0.720s] copying controllers/snake_basic/snake_basic.py -> /home/ameyasu/ros2_ws/src/snake_robot/install/snake_robot/share/snake_robot/controllers/snake_basic
[0.720s] creating /home/ameyasu/ros2_ws/src/snake_robot/install/snake_robot/share/snake_robot/libraries
[0.720s] copying libraries/controller.py -> /home/ameyasu/ros2_ws/src/snake_robot/install/snake_robot/share/snake_robot/libraries
[0.721s] copying libraries/vehicle.py -> /home/ameyasu/ros2_ws/src/snake_robot/install/snake_robot/share/snake_robot/libraries
[0.721s] creating /home/ameyasu/ros2_ws/src/snake_robot/install/snake_robot/share/snake_robot/resource
[0.721s] copying resource/salamander.urdf -> /home/ameyasu/ros2_ws/src/snake_robot/install/snake_robot/share/snake_robot/resource
[0.739s] Invoked command in '/home/ameyasu/ros2_ws/src/snake_robot/build/snake_robot' returned '0': PYTHONPATH=/home/ameyasu/ros2_ws/src/snake_robot/build/snake_robot/prefix_override:/home/ameyasu/ros2_ws/src/snake_robot/install/snake_robot/lib/python3.10/site-packages:${PYTHONPATH} /usr/bin/python3 setup.py develop --editable --build-directory /home/ameyasu/ros2_ws/src/snake_robot/build/snake_robot/build --no-deps install_data
